0 info it worked if it ends with ok
1 verbose cli [ 'C:\\Program Files\\nodejs\\node.exe',
1 verbose cli   'C:\\Program Files\\nodejs\\node_modules\\npm\\bin\\npm-cli.js',
1 verbose cli   'install',
1 verbose cli   'urlencoded',
1 verbose cli   '--save' ]
2 info using npm@3.10.3
3 info using node@v6.6.0
4 silly loadCurrentTree Starting
5 silly install loadCurrentTree
6 silly install readLocalPackageData
7 silly fetchPackageMetaData urlencoded
8 silly fetchNamedPackageData urlencoded
9 silly mapToRegistry name urlencoded
10 silly mapToRegistry using default registry
11 silly mapToRegistry registry https://registry.npmjs.org/
12 silly mapToRegistry data Result {
12 silly mapToRegistry   raw: 'urlencoded',
12 silly mapToRegistry   scope: null,
12 silly mapToRegistry   escapedName: 'urlencoded',
12 silly mapToRegistry   name: 'urlencoded',
12 silly mapToRegistry   rawSpec: '',
12 silly mapToRegistry   spec: 'latest',
12 silly mapToRegistry   type: 'tag' }
13 silly mapToRegistry uri https://registry.npmjs.org/urlencoded
14 verbose request uri https://registry.npmjs.org/urlencoded
15 verbose request no auth needed
16 info attempt registry request try #1 at 6:16:44 AM
17 verbose request id d60bd7de41a7ae0f
18 http request GET https://registry.npmjs.org/urlencoded
19 http 200 https://registry.npmjs.org/urlencoded
20 verbose headers { server: 'nginx/1.10.3',
20 verbose headers   'content-type': 'application/json',
20 verbose headers   'last-modified': 'Sun, 10 Apr 2016 13:55:59 GMT',
20 verbose headers   etag: 'W/"570a5b6f-1d4"',
20 verbose headers   'content-encoding': 'gzip',
20 verbose headers   'cache-control': 'max-age=300',
20 verbose headers   'content-length': '264',
20 verbose headers   'accept-ranges': 'bytes',
20 verbose headers   date: 'Wed, 28 Jun 2017 10:16:46 GMT',
20 verbose headers   via: '1.1 varnish',
20 verbose headers   age: '0',
20 verbose headers   connection: 'keep-alive',
20 verbose headers   'x-served-by': 'cache-yyz8333-YYZ',
20 verbose headers   'x-cache': 'MISS',
20 verbose headers   'x-cache-hits': '0',
20 verbose headers   'x-timer': 'S1498645006.759731,VS0,VE346',
20 verbose headers   vary: 'Accept-Encoding' }
21 silly get cb [ 200,
21 silly get   { server: 'nginx/1.10.3',
21 silly get     'content-type': 'application/json',
21 silly get     'last-modified': 'Sun, 10 Apr 2016 13:55:59 GMT',
21 silly get     etag: 'W/"570a5b6f-1d4"',
21 silly get     'content-encoding': 'gzip',
21 silly get     'cache-control': 'max-age=300',
21 silly get     'content-length': '264',
21 silly get     'accept-ranges': 'bytes',
21 silly get     date: 'Wed, 28 Jun 2017 10:16:46 GMT',
21 silly get     via: '1.1 varnish',
21 silly get     age: '0',
21 silly get     connection: 'keep-alive',
21 silly get     'x-served-by': 'cache-yyz8333-YYZ',
21 silly get     'x-cache': 'MISS',
21 silly get     'x-cache-hits': '0',
21 silly get     'x-timer': 'S1498645006.759731,VS0,VE346',
21 silly get     vary: 'Accept-Encoding' } ]
22 verbose get saving urlencoded to C:\Users\SSSAINI\AppData\Roaming\npm-cache\registry.npmjs.org\urlencoded\.cache.json
23 verbose correctMkdir C:\Users\SSSAINI\AppData\Roaming\npm-cache correctMkdir not in flight; initializing
24 verbose stack TypeError: Cannot convert undefined or null to object
24 verbose stack     at pickVersionFromRegistryDocument (C:\Program Files\nodejs\node_modules\npm\lib\fetch-package-metadata.js:125:29)
24 verbose stack     at C:\Program Files\nodejs\node_modules\npm\node_modules\iferr\index.js:13:50
24 verbose stack     at C:\Program Files\nodejs\node_modules\npm\lib\utils\pulse-till-done.js:20:8
24 verbose stack     at saved (C:\Program Files\nodejs\node_modules\npm\lib\cache\caching-client.js:174:7)
24 verbose stack     at C:\Program Files\nodejs\node_modules\npm\node_modules\graceful-fs\polyfills.js:210:7
24 verbose stack     at FSReqWrap.oncomplete (fs.js:123:15)
25 verbose cwd C:\Users\SSSAINI\Desktop\emotio
26 error Windows_NT 10.0.15063
27 error argv "C:\\Program Files\\nodejs\\node.exe" "C:\\Program Files\\nodejs\\node_modules\\npm\\bin\\npm-cli.js" "install" "urlencoded" "--save"
28 error node v6.6.0
29 error npm  v3.10.3
30 error Cannot convert undefined or null to object
31 error If you need help, you may report this error at:
31 error     <https://github.com/npm/npm/issues>
32 verbose exit [ 1, true ]
